<?xml version="1.0" encoding="UTF-8"?>
<!-- Generated by org.testng.reporters.JUnitReportReporter -->
<testsuite hostname="Bhavesh" failures="0" tests="1" name="TestCases.AllAnnotationTest" time="0.019" errors="0" timestamp="2022-08-17T16:02:30 IST" skipped="0">
  <testcase classname="TestCases.AllAnnotationTest" name="test5" time="0.019"/>
</testsuite> <!-- TestCases.AllAnnotationTest -->
