<?xml version="1.0" encoding="UTF-8"?>
<!-- Generated by org.testng.reporters.JUnitReportReporter -->
<testsuite hostname="Bhavesh" failures="0" tests="4" name="TestCases.ParallelTest" time="34.208" errors="0" timestamp="2022-08-19T12:04:01 IST" skipped="0">
  <testcase classname="TestCases.ParallelTest" name="openKite" time="5.765"/>
  <testcase classname="TestCases.ParallelTest" name="openGoogle" time="6.744"/>
  <testcase classname="TestCases.ParallelTest" name="openRediff" time="13.359"/>
  <testcase classname="TestCases.ParallelTest" name="openFB" time="8.340"/>
</testsuite> <!-- TestCases.ParallelTest -->
